<?xml version="1.0" encoding="UTF-8"?>
<testsuite name="VocabTest" tests="1" skipped="0" failures="0" errors="0" timestamp="2021-11-12T16:18:32" hostname="DESKTOP-33LQDHN" time="0.021">
  <properties/>
  <testcase name="testAddStartingWord()" classname="VocabTest" time="0.021"/>
  <system-out><![CDATA[]]></system-out>
  <system-err><![CDATA[]]></system-err>
</testsuite>
